<?xml version="1.0" encoding="UTF-8"?>
<!-- Generated by org.testng.reporters.JUnitReportReporter -->
<testsuite name="onthegrid.firefoxDriver" tests="1" time="5.652" ignored="0" failures="0" timestamp="21 dec 2016 15:56:11 GMT" skipped="0" hostname="MacBook-Pro-van-Alexander.local" errors="0">
  <testcase name="searchGoogle" time="5.652" classname="onthegrid.firefoxDriver"/>
</testsuite> <!-- onthegrid.firefoxDriver -->
