<?xml version="1.0" encoding="UTF-8"?>
<!-- Generated by org.testng.reporters.JUnitReportReporter -->
<testsuite name="onthegrid.chromeDriver" tests="1" time="3.390" ignored="0" failures="0" timestamp="21 dec 2016 15:56:09 GMT" skipped="0" hostname="MacBook-Pro-van-Alexander.local" errors="0">
  <testcase name="searchGoogle" time="3.390" classname="onthegrid.chromeDriver"/>
</testsuite> <!-- onthegrid.chromeDriver -->
